0 info it worked if it ends with ok
1 verbose cli [
1 verbose cli   'C:\\Program Files\\nodejs\\node.exe',
1 verbose cli   'C:\\Users\\Deniz\\AppData\\Roaming\\npm\\node_modules\\npm\\bin\\npm-cli.js',
1 verbose cli   'run',
1 verbose cli   'deploy'
1 verbose cli ]
2 info using npm@6.14.7
3 info using node@v14.17.6
4 verbose stack Error: missing script: deploy
4 verbose stack     at run (C:\Users\Deniz\AppData\Roaming\npm\node_modules\npm\lib\run-script.js:155:19)
4 verbose stack     at C:\Users\Deniz\AppData\Roaming\npm\node_modules\npm\lib\run-script.js:63:5
4 verbose stack     at C:\Users\Deniz\AppData\Roaming\npm\node_modules\npm\node_modules\read-package-json\read-json.js:116:5
4 verbose stack     at C:\Users\Deniz\AppData\Roaming\npm\node_modules\npm\node_modules\read-package-json\read-json.js:436:5
4 verbose stack     at checkBinReferences_ (C:\Users\Deniz\AppData\Roaming\npm\node_modules\npm\node_modules\read-package-json\read-json.js:391:45)
4 verbose stack     at final (C:\Users\Deniz\AppData\Roaming\npm\node_modules\npm\node_modules\read-package-json\read-json.js:434:3)
4 verbose stack     at then (C:\Users\Deniz\AppData\Roaming\npm\node_modules\npm\node_modules\read-package-json\read-json.js:161:5)
4 verbose stack     at C:\Users\Deniz\AppData\Roaming\npm\node_modules\npm\node_modules\read-package-json\read-json.js:382:12
4 verbose stack     at C:\Users\Deniz\AppData\Roaming\npm\node_modules\npm\node_modules\graceful-fs\graceful-fs.js:123:16
4 verbose stack     at FSReqCallback.readFileAfterClose [as oncomplete] (internal/fs/read_file_context.js:73:3)
5 verbose cwd C:\Users\Deniz\Desktop\GithubRepo\todo-react-firebase
6 verbose Windows_NT 10.0.19042
7 verbose argv "C:\\Program Files\\nodejs\\node.exe" "C:\\Users\\Deniz\\AppData\\Roaming\\npm\\node_modules\\npm\\bin\\npm-cli.js" "run" "deploy"
8 verbose node v14.17.6
9 verbose npm  v6.14.7
10 error missing script: deploy
11 verbose exit [ 1, true ]
